<?xml version="1.0" encoding="UTF-8"?>
<!-- Generated by org.testng.reporters.JUnitReportReporter -->
<testsuite hostname="YashMore26" failures="1" tests="1" name="TestRunner.TestRunner" time="8.508" errors="0" timestamp="2025-06-18T20:27:08 IST" skipped="0">
  <testcase classname="TestRunner.TestRunner" name="runScenario" time="8.508">
    <failure type="java.lang.AssertionError">
      <![CDATA[java.lang.AssertionError
at org.junit.Assert.fail(Assert.java:87)
at org.junit.Assert.assertTrue(Assert.java:42)
at org.junit.Assert.assertTrue(Assert.java:53)
at StepDefinition.Stepdef.page_title_should_be(Stepdef.java:146)
at âœ½.page title should be "Dashboard / nopCommerce administration"(file:///C:/Users/Admin/eclipse-workspace/CucumberFramework/src/test/resources/Features/LoginFeature.feature:10)
]]>
    </failure>
  </testcase> <!-- runScenario -->
</testsuite> <!-- TestRunner.TestRunner -->
